d:\visual studio\visual studio project\tcp connect\tcpserver\tcpserver\x64\debug\cmainview.obj
d:\visual studio\visual studio project\tcp connect\tcpserver\tcpserver\x64\debug\main.obj
d:\visual studio\visual studio project\tcp connect\tcpserver\tcpserver\x64\debug\vc143.pdb
d:\visual studio\visual studio project\tcp connect\tcpserver\tcpserver\x64\debug\moc_cmainview.obj
d:\visual studio\visual studio project\tcp connect\tcpserver\tcpserver\x64\debug\qrc_mainview.obj
d:\visual studio\visual studio project\tcp connect\tcpserver\x64\debug\tcpserver.ilk
d:\visual studio\visual studio project\tcp connect\tcpserver\x64\debug\tcpserver.exe
d:\visual studio\visual studio project\tcp connect\tcpserver\x64\debug\tcpserver.pdb
d:\visual studio\visual studio project\tcp connect\tcpserver\tcpserver\x64\debug\moc\moc_cmainview.cpp
d:\visual studio\visual studio project\tcp connect\tcpserver\tcpserver\x64\debug\rcc\qrc_mainview.cpp
d:\visual studio\visual studio project\tcp connect\tcpserver\tcpserver\x64\debug\uic\ui_cmainview.h
d:\visual studio\visual studio project\tcp connect\tcpserver\tcpserver\x64\debug\tcpserver.tlog\cl.17348.write.1.tlog
d:\visual studio\visual studio project\tcp connect\tcpserver\tcpserver\x64\debug\tcpserver.tlog\cl.command.1.tlog
d:\visual studio\visual studio project\tcp connect\tcpserver\tcpserver\x64\debug\tcpserver.tlog\cl.items.tlog
d:\visual studio\visual studio project\tcp connect\tcpserver\tcpserver\x64\debug\tcpserver.tlog\cl.read.1.tlog
d:\visual studio\visual studio project\tcp connect\tcpserver\tcpserver\x64\debug\tcpserver.tlog\link.command.1.tlog
d:\visual studio\visual studio project\tcp connect\tcpserver\tcpserver\x64\debug\tcpserver.tlog\link.read.1.tlog
d:\visual studio\visual studio project\tcp connect\tcpserver\tcpserver\x64\debug\tcpserver.tlog\link.write.1.tlog
d:\visual studio\visual studio project\tcp connect\tcpserver\tcpserver\x64\debug\tcpserver.tlog\moc.read.1u.tlog
d:\visual studio\visual studio project\tcp connect\tcpserver\tcpserver\x64\debug\tcpserver.tlog\moc.write.1u.tlog
d:\visual studio\visual studio project\tcp connect\tcpserver\tcpserver\x64\debug\tcpserver.tlog\rcc.read.1u.tlog
d:\visual studio\visual studio project\tcp connect\tcpserver\tcpserver\x64\debug\tcpserver.tlog\rcc.write.1u.tlog
d:\visual studio\visual studio project\tcp connect\tcpserver\tcpserver\x64\debug\tcpserver.tlog\tcpserver.write.1u.tlog
d:\visual studio\visual studio project\tcp connect\tcpserver\tcpserver\x64\debug\tcpserver.tlog\uic.read.1u.tlog
d:\visual studio\visual studio project\tcp connect\tcpserver\tcpserver\x64\debug\tcpserver.tlog\uic.write.1u.tlog
